<?xml version="1.0" encoding="UTF-8"?>
<testng-results ignored="0" total="2" passed="2" failed="0" skipped="0">
  <reporter-output>
  </reporter-output>
  <suite started-at="2020-11-23T11:16:31 EST" name="Default suite" finished-at="2020-11-23T11:17:21 EST" duration-ms="50327">
    <groups>
    </groups>
    <test started-at="2020-11-23T11:16:31 EST" name="Default test" finished-at="2020-11-23T11:17:21 EST" duration-ms="50327">
      <class name="appleBite.AboutTest.ClickAbout">
        <test-method is-config="true" signature="beforeMethod()[pri:0, instance:appleBite.AboutTest.ClickAbout@424e1977]" started-at="2020-11-23T11:16:31 EST" name="beforeMethod" finished-at="2020-11-23T11:17:05 EST" duration-ms="33922" status="PASS">
          <reporter-output>
          </reporter-output>
        </test-method> <!-- beforeMethod -->
        <test-method signature="clickAboutUs()[pri:0, instance:appleBite.AboutTest.ClickAbout@424e1977]" started-at="2020-11-23T11:17:05 EST" name="clickAboutUs" finished-at="2020-11-23T11:17:06 EST" duration-ms="414" status="PASS">
          <reporter-output>
          </reporter-output>
        </test-method> <!-- clickAboutUs -->
        <test-method is-config="true" signature="afterMethod()[pri:0, instance:appleBite.AboutTest.ClickAbout@424e1977]" started-at="2020-11-23T11:17:06 EST" name="afterMethod" finished-at="2020-11-23T11:17:06 EST" duration-ms="245" status="PASS">
          <reporter-output>
          </reporter-output>
        </test-method> <!-- afterMethod -->
        <test-method is-config="true" signature="beforeMethod()[pri:0, instance:appleBite.AboutTest.ClickAbout@424e1977]" started-at="2020-11-23T11:17:06 EST" name="beforeMethod" finished-at="2020-11-23T11:17:16 EST" duration-ms="10355" status="PASS">
          <reporter-output>
          </reporter-output>
        </test-method> <!-- beforeMethod -->
        <test-method signature="verifyAboutext()[pri:0, instance:appleBite.AboutTest.ClickAbout@424e1977]" started-at="2020-11-23T11:17:16 EST" name="verifyAboutext" finished-at="2020-11-23T11:17:21 EST" duration-ms="5061" status="PASS">
          <reporter-output>
          </reporter-output>
        </test-method> <!-- verifyAboutext -->
        <test-method is-config="true" signature="afterMethod()[pri:0, instance:appleBite.AboutTest.ClickAbout@424e1977]" started-at="2020-11-23T11:17:21 EST" name="afterMethod" finished-at="2020-11-23T11:17:21 EST" duration-ms="192" status="PASS">
          <reporter-output>
          </reporter-output>
        </test-method> <!-- afterMethod -->
      </class> <!-- appleBite.AboutTest.ClickAbout -->
    </test> <!-- Default test -->
  </suite> <!-- Default suite -->
</testng-results>
