<?xml version="1.0" encoding="UTF-8"?>
<testng-results ignored="0" total="2" passed="2" failed="0" skipped="0">
  <reporter-output>
  </reporter-output>
  <suite started-at="2020-11-21T00:17:36 EST" name="Default suite" finished-at="2020-11-21T00:17:58 EST" duration-ms="21249">
    <groups>
    </groups>
    <test started-at="2020-11-21T00:17:36 EST" name="Default test" finished-at="2020-11-21T00:17:58 EST" duration-ms="21249">
      <class name="com.applebite.test.AboutTest">
        <test-method is-config="true" signature="beforeMethod()[pri:0, instance:com.applebite.test.AboutTest@68267da0]" started-at="2020-11-21T00:17:36 EST" name="beforeMethod" finished-at="2020-11-21T00:17:44 EST" duration-ms="7919" status="PASS">
          <reporter-output>
          </reporter-output>
        </test-method> <!-- beforeMethod -->
        <test-method signature="clickAboutUs()[pri:0, instance:com.applebite.test.AboutTest@68267da0]" started-at="2020-11-21T00:17:44 EST" name="clickAboutUs" finished-at="2020-11-21T00:17:45 EST" duration-ms="499" status="PASS">
          <reporter-output>
          </reporter-output>
        </test-method> <!-- clickAboutUs -->
        <test-method is-config="true" signature="afterMethod()[pri:0, instance:com.applebite.test.AboutTest@68267da0]" started-at="2020-11-21T00:17:45 EST" name="afterMethod" finished-at="2020-11-21T00:17:45 EST" duration-ms="416" status="PASS">
          <reporter-output>
          </reporter-output>
        </test-method> <!-- afterMethod -->
        <test-method is-config="true" signature="beforeMethod()[pri:0, instance:com.applebite.test.AboutTest@68267da0]" started-at="2020-11-21T00:17:45 EST" name="beforeMethod" finished-at="2020-11-21T00:17:52 EST" duration-ms="7014" status="PASS">
          <reporter-output>
          </reporter-output>
        </test-method> <!-- beforeMethod -->
        <test-method signature="verifyAboutext()[pri:0, instance:com.applebite.test.AboutTest@68267da0]" started-at="2020-11-21T00:17:52 EST" name="verifyAboutext" finished-at="2020-11-21T00:17:57 EST" duration-ms="5100" status="PASS">
          <reporter-output>
          </reporter-output>
        </test-method> <!-- verifyAboutext -->
        <test-method is-config="true" signature="afterMethod()[pri:0, instance:com.applebite.test.AboutTest@68267da0]" started-at="2020-11-21T00:17:57 EST" name="afterMethod" finished-at="2020-11-21T00:17:58 EST" duration-ms="177" status="PASS">
          <reporter-output>
          </reporter-output>
        </test-method> <!-- afterMethod -->
      </class> <!-- com.applebite.test.AboutTest -->
    </test> <!-- Default test -->
  </suite> <!-- Default suite -->
</testng-results>
